<?xml version="1.0" encoding="UTF-8"?>
<testng-results total="1" passed="1" failed="0" skipped="0">
  <reporter-output>
    <line>
      <![CDATA[nareshit]]>
    </line>
    <line>
      <![CDATA[nareshit]]>
    </line>
    <line>
      <![CDATA[Application opened]]>
    </line>
    <line>
      <![CDATA[OrangeHRM]]>
    </line>
    <line>
      <![CDATA[logout completed]]>
    </line>
  </reporter-output>
  <suite started-at="2023-03-01T04:17:56Z" name="Default suite" finished-at="2023-03-01T04:18:14Z" duration-ms="17811">
    <groups>
    </groups>
    <test started-at="2023-03-01T04:17:56Z" name="Default test" finished-at="2023-03-01T04:18:14Z" duration-ms="17811">
      <class name="testngExamples.Exp_Excel_WD_TestNG">
        <test-method is-config="true" signature="startUp()[pri:0, instance:testngExamples.Exp_Excel_WD_TestNG@8519cb4]" started-at="2023-03-01T09:47:56Z" name="startUp" finished-at="2023-03-01T09:48:03Z" duration-ms="7021" status="PASS">
          <reporter-output>
          </reporter-output>
        </test-method> <!-- startUp -->
        <test-method signature="tc001()[pri:0, instance:testngExamples.Exp_Excel_WD_TestNG@8519cb4]" started-at="2023-03-01T09:48:03Z" name="tc001" finished-at="2023-03-01T09:48:12Z" duration-ms="9082" status="PASS">
          <reporter-output>
            <line>
              <![CDATA[nareshit]]>
            </line>
            <line>
              <![CDATA[nareshit]]>
            </line>
            <line>
              <![CDATA[Application opened]]>
            </line>
            <line>
              <![CDATA[OrangeHRM]]>
            </line>
            <line>
              <![CDATA[logout completed]]>
            </line>
          </reporter-output>
        </test-method> <!-- tc001 -->
        <test-method is-config="true" signature="tearDown()[pri:0, instance:testngExamples.Exp_Excel_WD_TestNG@8519cb4]" started-at="2023-03-01T09:48:12Z" name="tearDown" finished-at="2023-03-01T09:48:14Z" duration-ms="1674" status="PASS">
          <reporter-output>
          </reporter-output>
        </test-method> <!-- tearDown -->
      </class> <!-- testngExamples.Exp_Excel_WD_TestNG -->
    </test> <!-- Default test -->
  </suite> <!-- Default suite -->
</testng-results>
